c:\users\3alea\desktop\digipen\gam200 engine 3\obj\debug\vc140.pdb
c:\users\3alea\desktop\digipen\gam200 engine 3\obj\debug\vc140.idb
c:\users\3alea\desktop\digipen\gam200 engine 3\obj\debug\texture.nativecodeanalysis.xml
c:\users\3alea\desktop\digipen\gam200 engine 3\obj\debug\windowmgr.nativecodeanalysis.xml
c:\users\3alea\desktop\digipen\gam200 engine 3\obj\debug\imgui.nativecodeanalysis.xml
c:\users\3alea\desktop\digipen\gam200 engine 3\obj\debug\imgui_demo.nativecodeanalysis.xml
c:\users\3alea\desktop\digipen\gam200 engine 3\obj\debug\imgui_draw.nativecodeanalysis.xml
c:\users\3alea\desktop\digipen\gam200 engine 3\obj\debug\imgui_widgets.nativecodeanalysis.xml
c:\users\3alea\desktop\digipen\gam200 engine 3\obj\debug\aexgamestate.nativecodeanalysis.xml
c:\users\3alea\desktop\digipen\gam200 engine 3\obj\debug\aexlogic.nativecodeanalysis.xml
c:\users\3alea\desktop\digipen\gam200 engine 3\obj\debug\collisions.nativecodeanalysis.xml
c:\users\3alea\desktop\digipen\gam200 engine 3\obj\debug\contactcollisions.nativecodeanalysis.xml
c:\users\3alea\desktop\digipen\gam200 engine 3\obj\debug\linesegment2d.nativecodeanalysis.xml
c:\users\3alea\desktop\digipen\gam200 engine 3\obj\debug\polygon2d.nativecodeanalysis.xml
c:\users\3alea\desktop\digipen\gam200 engine 3\obj\debug\raycast.nativecodeanalysis.xml
c:\users\3alea\desktop\digipen\gam200 engine 3\obj\debug\aexcollisionsystem.nativecodeanalysis.xml
c:\users\3alea\desktop\digipen\gam200 engine 3\obj\debug\aexfilepath.nativecodeanalysis.xml
c:\users\3alea\desktop\digipen\gam200 engine 3\obj\debug\aexinput.nativecodeanalysis.xml
c:\users\3alea\desktop\digipen\gam200 engine 3\obj\debug\aexopensavefile.nativecodeanalysis.xml
c:\users\3alea\desktop\digipen\gam200 engine 3\obj\debug\aextime.nativecodeanalysis.xml
c:\users\3alea\desktop\digipen\gam200 engine 3\obj\debug\aexwindow.nativecodeanalysis.xml
c:\users\3alea\desktop\digipen\gam200 engine 3\obj\debug\aexwindow.obj
c:\users\3alea\desktop\digipen\gam200 engine 3\obj\debug\aextime.obj
c:\users\3alea\desktop\digipen\gam200 engine 3\obj\debug\aexopensavefile.obj
c:\users\3alea\desktop\digipen\gam200 engine 3\obj\debug\aexinput.obj
c:\users\3alea\desktop\digipen\gam200 engine 3\obj\debug\aexfilepath.obj
c:\users\3alea\desktop\digipen\gam200 engine 3\obj\debug\aexcollisionsystem.obj
c:\users\3alea\desktop\digipen\gam200 engine 3\obj\debug\raycast.obj
c:\users\3alea\desktop\digipen\gam200 engine 3\obj\debug\polygon2d.obj
c:\users\3alea\desktop\digipen\gam200 engine 3\obj\debug\linesegment2d.obj
c:\users\3alea\desktop\digipen\gam200 engine 3\obj\debug\contactcollisions.obj
c:\users\3alea\desktop\digipen\gam200 engine 3\obj\debug\collisions.obj
c:\users\3alea\desktop\digipen\gam200 engine 3\obj\debug\aexlogic.obj
c:\users\3alea\desktop\digipen\gam200 engine 3\obj\debug\aexgamestate.obj
c:\users\3alea\desktop\digipen\gam200 engine 3\obj\debug\imgui_widgets.obj
c:\users\3alea\desktop\digipen\gam200 engine 3\obj\debug\imgui_draw.obj
c:\users\3alea\desktop\digipen\gam200 engine 3\obj\debug\imgui_demo.obj
c:\users\3alea\desktop\digipen\gam200 engine 3\obj\debug\imgui.obj
c:\users\3alea\desktop\digipen\gam200 engine 3\obj\debug\windowmgr.obj
c:\users\3alea\desktop\digipen\gam200 engine 3\obj\debug\texture.obj
c:\users\3alea\desktop\digipen\gam200 engine 3\obj\debug\imguidemo.nativecodeanalysis.xml
c:\users\3alea\desktop\digipen\gam200 engine 3\obj\debug\opengldemo.nativecodeanalysis.xml
c:\users\3alea\desktop\digipen\gam200 engine 3\obj\debug\aex.nativecodeanalysis.xml
c:\users\3alea\desktop\digipen\gam200 engine 3\obj\debug\aexcollider.nativecodeanalysis.xml
c:\users\3alea\desktop\digipen\gam200 engine 3\obj\debug\aexglobalcomponents.nativecodeanalysis.xml
c:\users\3alea\desktop\digipen\gam200 engine 3\obj\debug\aexrigidbody.nativecodeanalysis.xml
c:\users\3alea\desktop\digipen\gam200 engine 3\obj\debug\aextransformcomp.nativecodeanalysis.xml
c:\users\3alea\desktop\digipen\gam200 engine 3\obj\debug\aexcomponent.nativecodeanalysis.xml
c:\users\3alea\desktop\digipen\gam200 engine 3\obj\debug\aexfactory.nativecodeanalysis.xml
c:\users\3alea\desktop\digipen\gam200 engine 3\obj\debug\aexgameobject.nativecodeanalysis.xml
c:\users\3alea\desktop\digipen\gam200 engine 3\obj\debug\aexobjectmanager.nativecodeanalysis.xml
c:\users\3alea\desktop\digipen\gam200 engine 3\obj\debug\aexserialization.nativecodeanalysis.xml
c:\users\3alea\desktop\digipen\gam200 engine 3\obj\debug\aexrtti.nativecodeanalysis.xml
c:\users\3alea\desktop\digipen\gam200 engine 3\obj\debug\checkglerror.nativecodeanalysis.xml
c:\users\3alea\desktop\digipen\gam200 engine 3\obj\debug\mydebug.nativecodeanalysis.xml
c:\users\3alea\desktop\digipen\gam200 engine 3\obj\debug\gamestatemanager.nativecodeanalysis.xml
c:\users\3alea\desktop\digipen\gam200 engine 3\obj\debug\gfxmgr.nativecodeanalysis.xml
c:\users\3alea\desktop\digipen\gam200 engine 3\obj\debug\gfxmgr.obj
c:\users\3alea\desktop\digipen\gam200 engine 3\obj\debug\gamestatemanager.obj
c:\users\3alea\desktop\digipen\gam200 engine 3\obj\debug\mydebug.obj
c:\users\3alea\desktop\digipen\gam200 engine 3\obj\debug\checkglerror.obj
c:\users\3alea\desktop\digipen\gam200 engine 3\obj\debug\aexrtti.obj
c:\users\3alea\desktop\digipen\gam200 engine 3\obj\debug\aexserialization.obj
c:\users\3alea\desktop\digipen\gam200 engine 3\obj\debug\aexobjectmanager.obj
c:\users\3alea\desktop\digipen\gam200 engine 3\obj\debug\aexgameobject.obj
c:\users\3alea\desktop\digipen\gam200 engine 3\obj\debug\aexfactory.obj
c:\users\3alea\desktop\digipen\gam200 engine 3\obj\debug\aexcomponent.obj
c:\users\3alea\desktop\digipen\gam200 engine 3\obj\debug\aextransformcomp.obj
c:\users\3alea\desktop\digipen\gam200 engine 3\obj\debug\aexrigidbody.obj
c:\users\3alea\desktop\digipen\gam200 engine 3\obj\debug\aexglobalcomponents.obj
c:\users\3alea\desktop\digipen\gam200 engine 3\obj\debug\aexcollider.obj
c:\users\3alea\desktop\digipen\gam200 engine 3\obj\debug\aex.obj
c:\users\3alea\desktop\digipen\gam200 engine 3\obj\debug\opengldemo.obj
c:\users\3alea\desktop\digipen\gam200 engine 3\obj\debug\imguidemo.obj
c:\users\3alea\desktop\digipen\gam200 engine 3\obj\debug\shader.obj
c:\users\3alea\desktop\digipen\gam200 engine 3\obj\debug\glad.obj
c:\users\3alea\desktop\digipen\gam200 engine 3\obj\debug\main.obj
c:\users\3alea\desktop\digipen\gam200 engine 3\bin\debug\enginedemo.ilk
c:\users\3alea\desktop\digipen\gam200 engine 3\bin\debug\enginedemo.exe
c:\users\3alea\desktop\digipen\gam200 engine 3\bin\debug\enginedemo.pdb
c:\users\3alea\desktop\digipen\gam200 engine 3\obj\debug\sampleengine.tlog\cl.command.1.tlog
c:\users\3alea\desktop\digipen\gam200 engine 3\obj\debug\sampleengine.tlog\cl.read.1.tlog
c:\users\3alea\desktop\digipen\gam200 engine 3\obj\debug\sampleengine.tlog\cl.write.1.tlog
c:\users\3alea\desktop\digipen\gam200 engine 3\obj\debug\sampleengine.tlog\link.command.1.tlog
c:\users\3alea\desktop\digipen\gam200 engine 3\obj\debug\sampleengine.tlog\link.read.1.tlog
c:\users\3alea\desktop\digipen\gam200 engine 3\obj\debug\sampleengine.tlog\link.write.1.tlog
